./pack.png
./pack.mcmeta
./assets/minecraft/textures/block/anvil_base.png
./assets/minecraft/textures/block/anvil_top_damaged_0.png
./assets/minecraft/textures/block/anvil_top_damaged_1.png
./assets/minecraft/textures/block/anvil_top_damaged_2.png
./assets/minecraft/textures/block/beacon.png
./assets/minecraft/textures/block/bedrock.png
./assets/minecraft/textures/block/bed_feet_end.png
./assets/minecraft/textures/block/bed_feet_side.png
./assets/minecraft/textures/block/bed_feet_top.png
./assets/minecraft/textures/block/bed_head_end.png
./assets/minecraft/textures/block/bed_head_side.png
./assets/minecraft/textures/block/bed_head_top.png
./assets/minecraft/textures/block/bone_block_side.png
./assets/minecraft/textures/block/bone_block_top.png
./assets/minecraft/textures/block/beetroots_stage_0.png
./assets/minecraft/textures/block/beetroots_stage_1.png
./assets/minecraft/textures/block/beetroots_stage_2.png
./assets/minecraft/textures/block/beetroots_stage_3.png
./assets/minecraft/textures/block/bookshelf.png
./assets/minecraft/textures/block/brewing_stand.png
./assets/minecraft/textures/block/brewing_stand_base.png
./assets/minecraft/textures/block/brick.png
./assets/minecraft/textures/block/cactus_bottom.png
./assets/minecraft/textures/block/cactus_side.png
./assets/minecraft/textures/block/cactus_top.png
./assets/minecraft/textures/block/cake_bottom.png
./assets/minecraft/textures/block/cake_inner.png
./assets/minecraft/textures/block/cake_side.png
./assets/minecraft/textures/block/cake_top.png
./assets/minecraft/textures/block/carrots_stage_0.png
./assets/minecraft/textures/block/carrots_stage_1.png
./assets/minecraft/textures/block/carrots_stage_2.png
./assets/minecraft/textures/block/carrots_stage_3.png
./assets/minecraft/textures/block/cauldron_bottom.png
./assets/minecraft/textures/block/cauldron_inner.png
./assets/minecraft/textures/block/cauldron_side.png
./assets/minecraft/textures/block/cauldron_top.png
./assets/minecraft/textures/block/chain_command_block_back.png
./assets/minecraft/textures/block/chain_command_block_back.png.mcmeta
./assets/minecraft/textures/block/chain_command_block_conditional.png
./assets/minecraft/textures/block/chain_command_block_conditional.png.mcmeta
./assets/minecraft/textures/block/chain_command_block_front.png
./assets/minecraft/textures/block/chain_command_block_front.png.mcmeta
./assets/minecraft/textures/block/chain_command_block_side.png
./assets/minecraft/textures/block/chain_command_block_side.png.mcmeta
./assets/minecraft/textures/block/chorus_flower.png
./assets/minecraft/textures/block/chorus_flower_dead.png
./assets/minecraft/textures/block/chorus_plant.png
./assets/minecraft/textures/block/clay.png
./assets/minecraft/textures/block/coal_block.png
./assets/minecraft/textures/block/coal_ore.png
./assets/minecraft/textures/block/coarse_dirt.png
./assets/minecraft/textures/block/cobblestone.png
./assets/minecraft/textures/block/cobblestone_mossy.png
./assets/minecraft/textures/block/cocoa_stage_0.png
./assets/minecraft/textures/block/cocoa_stage_1.png
./assets/minecraft/textures/block/cocoa_stage_2.png
./assets/minecraft/textures/block/command_block.png
./assets/minecraft/textures/block/command_block_back.png
./assets/minecraft/textures/block/command_block_back.png.mcmeta
./assets/minecraft/textures/block/command_block_conditional.png
./assets/minecraft/textures/block/command_block_conditional.png.mcmeta
./assets/minecraft/textures/block/command_block_front.png
./assets/minecraft/textures/block/command_block_front.png.mcmeta
./assets/minecraft/textures/block/command_block_side.png
./assets/minecraft/textures/block/command_block_side.png.mcmeta
./assets/minecraft/textures/block/comparator_off.png
./assets/minecraft/textures/block/comparator_on.png
./assets/minecraft/textures/block/crafting_table_front.png
./assets/minecraft/textures/block/crafting_table_side.png
./assets/minecraft/textures/block/crafting_table_top.png
./assets/minecraft/textures/block/daylight_detector_inverted_top.png
./assets/minecraft/textures/block/daylight_detector_side.png
./assets/minecraft/textures/block/daylight_detector_top.png
./assets/minecraft/textures/block/deadbush.png
./assets/minecraft/textures/block/debug.png
./assets/minecraft/textures/block/debug2.png
./assets/minecraft/textures/block/destroy_stage_0.png
./assets/minecraft/textures/block/destroy_stage_1.png
./assets/minecraft/textures/block/destroy_stage_2.png
./assets/minecraft/textures/block/destroy_stage_3.png
./assets/minecraft/textures/block/destroy_stage_4.png
./assets/minecraft/textures/block/destroy_stage_5.png
./assets/minecraft/textures/block/destroy_stage_6.png
./assets/minecraft/textures/block/destroy_stage_7.png
./assets/minecraft/textures/block/destroy_stage_8.png
./assets/minecraft/textures/block/destroy_stage_9.png
./assets/minecraft/textures/block/diamond_block.png
./assets/minecraft/textures/block/diamond_ore.png
./assets/minecraft/textures/block/dirt.png
./assets/minecraft/textures/block/dirt_podzol_side.png
./assets/minecraft/textures/block/dirt_podzol_top.png
./assets/minecraft/textures/block/dispenser_front_horizontal.png
./assets/minecraft/textures/block/dispenser_front_vertical.png
./assets/minecraft/textures/block/door_acacia_lower.png
./assets/minecraft/textures/block/door_acacia_upper.png
./assets/minecraft/textures/block/door_birch_lower.png
./assets/minecraft/textures/block/door_birch_upper.png
./assets/minecraft/textures/block/door_dark_oak_lower.png
./assets/minecraft/textures/block/door_dark_oak_upper.png
./assets/minecraft/textures/block/door_iron_lower.png
./assets/minecraft/textures/block/door_iron_upper.png
./assets/minecraft/textures/block/door_jungle_lower.png
./assets/minecraft/textures/block/door_jungle_upper.png
./assets/minecraft/textures/block/door_spruce_lower.png
./assets/minecraft/textures/block/door_spruce_upper.png
./assets/minecraft/textures/block/door_wood_lower.png
./assets/minecraft/textures/block/door_wood_upper.png
./assets/minecraft/textures/block/double_plant_fern_bottom.png
./assets/minecraft/textures/block/double_plant_fern_top.png
./assets/minecraft/textures/block/double_plant_grass_bottom.png
./assets/minecraft/textures/block/double_plant_grass_top.png
./assets/minecraft/textures/block/double_plant_paeonia_bottom.png
./assets/minecraft/textures/block/double_plant_paeonia_top.png
./assets/minecraft/textures/block/double_plant_rose_bottom.png
./assets/minecraft/textures/block/double_plant_rose_top.png
./assets/minecraft/textures/block/double_plant_sunflower_back.png
./assets/minecraft/textures/block/double_plant_sunflower_bottom.png
./assets/minecraft/textures/block/double_plant_sunflower_front.png
./assets/minecraft/textures/block/double_plant_sunflower_top.png
./assets/minecraft/textures/block/double_plant_syringa_bottom.png
./assets/minecraft/textures/block/double_plant_syringa_top.png
./assets/minecraft/textures/block/dragon_egg.png
./assets/minecraft/textures/block/dropper_front_horizontal.png
./assets/minecraft/textures/block/dropper_front_vertical.png
./assets/minecraft/textures/block/emerald_block.png
./assets/minecraft/textures/block/emerald_ore.png
./assets/minecraft/textures/block/enchanting_table_bottom.png
./assets/minecraft/textures/block/enchanting_table_side.png
./assets/minecraft/textures/block/enchanting_table_top.png
./assets/minecraft/textures/block/endframe_eye.png
./assets/minecraft/textures/block/endframe_side.png
./assets/minecraft/textures/block/endframe_top.png
./assets/minecraft/textures/block/end_bricks.png
./assets/minecraft/textures/block/end_rod.png
./assets/minecraft/textures/block/end_stone.png
./assets/minecraft/textures/block/farmland_dry.png
./assets/minecraft/textures/block/farmland_wet.png
./assets/minecraft/textures/block/fern.png
./assets/minecraft/textures/block/fire_layer_0.png
./assets/minecraft/textures/block/fire_layer_0.png.mcmeta
./assets/minecraft/textures/block/fire_layer_1.png
./assets/minecraft/textures/block/fire_layer_1.png.mcmeta
./assets/minecraft/textures/block/flower_allium.png
./assets/minecraft/textures/block/flower_blue_orchid.png
./assets/minecraft/textures/block/flower_dandelion.png
./assets/minecraft/textures/block/flower_houstonia.png
./assets/minecraft/textures/block/flower_oxeye_daisy.png
./assets/minecraft/textures/block/flower_paeonia.png
./assets/minecraft/textures/block/flower_pot.png
./assets/minecraft/textures/block/flower_rose.png
./assets/minecraft/textures/block/flower_tulip_orange.png
./assets/minecraft/textures/block/flower_tulip_pink.png
./assets/minecraft/textures/block/flower_tulip_red.png
./assets/minecraft/textures/block/flower_tulip_white.png
./assets/minecraft/textures/block/frosted_ice_0.png
./assets/minecraft/textures/block/frosted_ice_1.png
./assets/minecraft/textures/block/frosted_ice_2.png
./assets/minecraft/textures/block/frosted_ice_3.png
./assets/minecraft/textures/block/furnace_front_off.png
./assets/minecraft/textures/block/furnace_front_on.png
./assets/minecraft/textures/block/furnace_front_on.png.mcmeta
./assets/minecraft/textures/block/furnace_side.png
./assets/minecraft/textures/block/furnace_top.png
./assets/minecraft/textures/block/glass.png
./assets/minecraft/textures/block/glass_black.png
./assets/minecraft/textures/block/glass_blue.png
./assets/minecraft/textures/block/glass_brown.png
./assets/minecraft/textures/block/glass_cyan.png
./assets/minecraft/textures/block/glass_gray.png
./assets/minecraft/textures/block/glass_green.png
./assets/minecraft/textures/block/glass_light_blue.png
./assets/minecraft/textures/block/glass_lime.png
./assets/minecraft/textures/block/glass_magenta.png
./assets/minecraft/textures/block/glass_orange.png
./assets/minecraft/textures/block/glass_pane_top.png
./assets/minecraft/textures/block/glass_pane_top_black.png
./assets/minecraft/textures/block/glass_pane_top_blue.png
./assets/minecraft/textures/block/glass_pane_top_brown.png
./assets/minecraft/textures/block/glass_pane_top_cyan.png
./assets/minecraft/textures/block/glass_pane_top_gray.png
./assets/minecraft/textures/block/glass_pane_top_green.png
./assets/minecraft/textures/block/glass_pane_top_light_blue.png
./assets/minecraft/textures/block/glass_pane_top_lime.png
./assets/minecraft/textures/block/glass_pane_top_magenta.png
./assets/minecraft/textures/block/glass_pane_top_orange.png
./assets/minecraft/textures/block/glass_pane_top_pink.png
./assets/minecraft/textures/block/glass_pane_top_purple.png
./assets/minecraft/textures/block/glass_pane_top_red.png
./assets/minecraft/textures/block/glass_pane_top_silver.png
./assets/minecraft/textures/block/glass_pane_top_white.png
./assets/minecraft/textures/block/glass_pane_top_yellow.png
./assets/minecraft/textures/block/glass_pink.png
./assets/minecraft/textures/block/glass_purple.png
./assets/minecraft/textures/block/glass_red.png
./assets/minecraft/textures/block/glass_silver.png
./assets/minecraft/textures/block/glass_white.png
./assets/minecraft/textures/block/glass_yellow.png
./assets/minecraft/textures/block/glowstone.png
./assets/minecraft/textures/block/gold_block.png
./assets/minecraft/textures/block/gold_ore.png
./assets/minecraft/textures/block/grass_path_side.png
./assets/minecraft/textures/block/grass_path_top.png
./assets/minecraft/textures/block/grass_side.png
./assets/minecraft/textures/block/grass_side_overlay.png
./assets/minecraft/textures/block/grass_side_snowed.png
./assets/minecraft/textures/block/grass_top.png
./assets/minecraft/textures/block/gravel.png
./assets/minecraft/textures/block/hardened_clay.png
./assets/minecraft/textures/block/hardened_clay_stained_black.png
./assets/minecraft/textures/block/hardened_clay_stained_blue.png
./assets/minecraft/textures/block/hardened_clay_stained_brown.png
./assets/minecraft/textures/block/hardened_clay_stained_cyan.png
./assets/minecraft/textures/block/hardened_clay_stained_gray.png
./assets/minecraft/textures/block/hardened_clay_stained_green.png
./assets/minecraft/textures/block/hardened_clay_stained_light_blue.png
./assets/minecraft/textures/block/hardened_clay_stained_lime.png
./assets/minecraft/textures/block/hardened_clay_stained_magenta.png
./assets/minecraft/textures/block/hardened_clay_stained_orange.png
./assets/minecraft/textures/block/hardened_clay_stained_pink.png
./assets/minecraft/textures/block/hardened_clay_stained_purple.png
./assets/minecraft/textures/block/hardened_clay_stained_red.png
./assets/minecraft/textures/block/hardened_clay_stained_silver.png
./assets/minecraft/textures/block/hardened_clay_stained_white.png
./assets/minecraft/textures/block/hardened_clay_stained_yellow.png
./assets/minecraft/textures/block/hay_block_side.png
./assets/minecraft/textures/block/hay_block_top.png
./assets/minecraft/textures/block/hopper_inside.png
./assets/minecraft/textures/block/hopper_outside.png
./assets/minecraft/textures/block/hopper_top.png
./assets/minecraft/textures/block/ice.png
./assets/minecraft/textures/block/ice_packed.png
./assets/minecraft/textures/block/iron_bars.png
./assets/minecraft/textures/block/iron_block.png
./assets/minecraft/textures/block/iron_ore.png
./assets/minecraft/textures/block/iron_trapdoor.png
./assets/minecraft/textures/block/itemframe_background.png
./assets/minecraft/textures/block/jukebox_side.png
./assets/minecraft/textures/block/jukebox_top.png
./assets/minecraft/textures/block/ladder.png
./assets/minecraft/textures/block/lapis_block.png
./assets/minecraft/textures/block/lapis_ore.png
./assets/minecraft/textures/block/lava_flow.png
./assets/minecraft/textures/block/lava_flow.png.mcmeta
./assets/minecraft/textures/block/lava_still.png
./assets/minecraft/textures/block/lava_still.png.mcmeta
./assets/minecraft/textures/block/leaves_acacia.png
./assets/minecraft/textures/block/leaves_big_oak.png
./assets/minecraft/textures/block/leaves_birch.png
./assets/minecraft/textures/block/leaves_jungle.png
./assets/minecraft/textures/block/leaves_oak.png
./assets/minecraft/textures/block/leaves_spruce.png
./assets/minecraft/textures/block/lever.png
./assets/minecraft/textures/block/log_acacia.png
./assets/minecraft/textures/block/log_acacia_top.png
./assets/minecraft/textures/block/log_big_oak.png
./assets/minecraft/textures/block/log_big_oak_top.png
./assets/minecraft/textures/block/log_birch.png
./assets/minecraft/textures/block/log_birch_top.png
./assets/minecraft/textures/block/log_jungle.png
./assets/minecraft/textures/block/log_jungle_top.png
./assets/minecraft/textures/block/log_oak.png
./assets/minecraft/textures/block/log_oak_top.png
./assets/minecraft/textures/block/log_spruce.png
./assets/minecraft/textures/block/log_spruce_top.png
./assets/minecraft/textures/block/magma.png
./assets/minecraft/textures/block/magma.png.mcmeta
./assets/minecraft/textures/block/melon_side.png
./assets/minecraft/textures/block/melon_stem_connected.png
./assets/minecraft/textures/block/melon_stem_disconnected.png
./assets/minecraft/textures/block/melon_top.png
./assets/minecraft/textures/block/mob_spawner.png
./assets/minecraft/textures/block/mushroom_block_inside.png
./assets/minecraft/textures/block/mushroom_block_skin_brown.png
./assets/minecraft/textures/block/mushroom_block_skin_red.png
./assets/minecraft/textures/block/mushroom_block_skin_stem.png
./assets/minecraft/textures/block/mushroom_brown.png
./assets/minecraft/textures/block/mushroom_red.png
./assets/minecraft/textures/block/mycelium_side.png
./assets/minecraft/textures/block/mycelium_top.png
./assets/minecraft/textures/block/netherrack.png
./assets/minecraft/textures/block/nether_brick.png
./assets/minecraft/textures/block/nether_wart_block.png
./assets/minecraft/textures/block/nether_wart_stage_0.png
./assets/minecraft/textures/block/nether_wart_stage_1.png
./assets/minecraft/textures/block/nether_wart_stage_2.png
./assets/minecraft/textures/block/noteblock.png
./assets/minecraft/textures/block/obsidian.png
./assets/minecraft/textures/block/piston_bottom.png
./assets/minecraft/textures/block/piston_inner.png
./assets/minecraft/textures/block/piston_side.png
./assets/minecraft/textures/block/piston_top_normal.png
./assets/minecraft/textures/block/piston_top_sticky.png
./assets/minecraft/textures/block/planks_acacia.png
./assets/minecraft/textures/block/planks_big_oak.png
./assets/minecraft/textures/block/planks_birch.png
./assets/minecraft/textures/block/planks_jungle.png
./assets/minecraft/textures/block/planks_oak.png
./assets/minecraft/textures/block/planks_spruce.png
./assets/minecraft/textures/block/portal.png
./assets/minecraft/textures/block/portal.png.mcmeta
./assets/minecraft/textures/block/potatoes_stage_0.png
./assets/minecraft/textures/block/potatoes_stage_1.png
./assets/minecraft/textures/block/potatoes_stage_2.png
./assets/minecraft/textures/block/potatoes_stage_3.png
./assets/minecraft/textures/block/prismarine_bricks.png
./assets/minecraft/textures/block/prismarine_dark.png
./assets/minecraft/textures/block/prismarine_rough.png
./assets/minecraft/textures/block/prismarine_rough.png.mcmeta
./assets/minecraft/textures/block/pumpkin_face_off.png
./assets/minecraft/textures/block/pumpkin_face_on.png
./assets/minecraft/textures/block/pumpkin_side.png
./assets/minecraft/textures/block/pumpkin_stem_connected.png
./assets/minecraft/textures/block/pumpkin_stem_disconnected.png
./assets/minecraft/textures/block/pumpkin_top.png
./assets/minecraft/textures/block/purpur_block.png
./assets/minecraft/textures/block/purpur_pillar.png
./assets/minecraft/textures/block/purpur_pillar_top.png
./assets/minecraft/textures/block/quartz_block_bottom.png
./assets/minecraft/textures/block/quartz_block_chiseled.png
./assets/minecraft/textures/block/quartz_block_chiseled_top.png
./assets/minecraft/textures/block/quartz_block_lines.png
./assets/minecraft/textures/block/quartz_block_lines_top.png
./assets/minecraft/textures/block/quartz_block_side.png
./assets/minecraft/textures/block/quartz_block_top.png
./assets/minecraft/textures/block/quartz_ore.png
./assets/minecraft/textures/block/rail_activator.png
./assets/minecraft/textures/block/rail_activator_powered.png
./assets/minecraft/textures/block/rail_detector.png
./assets/minecraft/textures/block/rail_detector_powered.png
./assets/minecraft/textures/block/rail_golden.png
./assets/minecraft/textures/block/rail_golden_powered.png
./assets/minecraft/textures/block/rail_normal.png
./assets/minecraft/textures/block/rail_normal_turned.png
./assets/minecraft/textures/block/red_nether_brick.png
./assets/minecraft/textures/block/redstone_block.png
./assets/minecraft/textures/block/redstone_dust_cross.png
./assets/minecraft/textures/block/redstone_dust_cross_overlay.png
./assets/minecraft/textures/block/redstone_dust_line.png
./assets/minecraft/textures/block/redstone_dust_line_overlay.png
./assets/minecraft/textures/block/redstone_lamp_off.png
./assets/minecraft/textures/block/redstone_lamp_on.png
./assets/minecraft/textures/block/redstone_ore.png
./assets/minecraft/textures/block/redstone_torch_off.png
./assets/minecraft/textures/block/redstone_torch_on.png
./assets/minecraft/textures/block/red_sand.png
./assets/minecraft/textures/block/red_sandstone_bottom.png
./assets/minecraft/textures/block/red_sandstone_carved.png
./assets/minecraft/textures/block/red_sandstone_normal.png
./assets/minecraft/textures/block/red_sandstone_smooth.png
./assets/minecraft/textures/block/red_sandstone_top.png
./assets/minecraft/textures/block/reeds.png
./assets/minecraft/textures/block/repeater_off.png
./assets/minecraft/textures/block/repeater_on.png
./assets/minecraft/textures/block/repeating_command_block_back.png
./assets/minecraft/textures/block/repeating_command_block_back.png.mcmeta
./assets/minecraft/textures/block/repeating_command_block_conditional.png
./assets/minecraft/textures/block/repeating_command_block_conditional.png.mcmeta
./assets/minecraft/textures/block/repeating_command_block_front.png
./assets/minecraft/textures/block/repeating_command_block_front.png.mcmeta
./assets/minecraft/textures/block/repeating_command_block_side.png
./assets/minecraft/textures/block/repeating_command_block_side.png.mcmeta
./assets/minecraft/textures/block/sand.png
./assets/minecraft/textures/block/sandstone_bottom.png
./assets/minecraft/textures/block/sandstone_carved.png
./assets/minecraft/textures/block/sandstone_normal.png
./assets/minecraft/textures/block/sandstone_smooth.png
./assets/minecraft/textures/block/sandstone_top.png
./assets/minecraft/textures/block/sapling_acacia.png
./assets/minecraft/textures/block/sapling_birch.png
./assets/minecraft/textures/block/sapling_jungle.png
./assets/minecraft/textures/block/sapling_oak.png
./assets/minecraft/textures/block/sapling_roofed_oak.png
./assets/minecraft/textures/block/sapling_spruce.png
./assets/minecraft/textures/block/sea_lantern.png
./assets/minecraft/textures/block/sea_lantern.png.mcmeta
./assets/minecraft/textures/block/slime.png
./assets/minecraft/textures/block/snow.png
./assets/minecraft/textures/block/soul_sand.png
./assets/minecraft/textures/block/sponge.png
./assets/minecraft/textures/block/sponge_wet.png
./assets/minecraft/textures/block/stone.png
./assets/minecraft/textures/block/stonebrick.png
./assets/minecraft/textures/block/stonebrick_carved.png
./assets/minecraft/textures/block/stonebrick_cracked.png
./assets/minecraft/textures/block/stonebrick_mossy.png
./assets/minecraft/textures/block/stone_andesite.png
./assets/minecraft/textures/block/stone_andesite_smooth.png
./assets/minecraft/textures/block/stone_diorite.png
./assets/minecraft/textures/block/stone_diorite_smooth.png
./assets/minecraft/textures/block/stone_granite.png
./assets/minecraft/textures/block/stone_granite_smooth.png
./assets/minecraft/textures/block/stone_slab_side.png
./assets/minecraft/textures/block/stone_slab_top.png
./assets/minecraft/textures/block/structure_block.png
./assets/minecraft/textures/block/structure_block_corner.png
./assets/minecraft/textures/block/structure_block_data.png
./assets/minecraft/textures/block/structure_block_load.png
./assets/minecraft/textures/block/structure_block_save.png
./assets/minecraft/textures/block/tallgrass.png
./assets/minecraft/textures/block/tnt_bottom.png
./assets/minecraft/textures/block/tnt_side.png
./assets/minecraft/textures/block/tnt_top.png
./assets/minecraft/textures/block/torch_on.png
./assets/minecraft/textures/block/torch_on.png.mcmeta
./assets/minecraft/textures/block/trapdoor.png
./assets/minecraft/textures/block/trip_wire.png
./assets/minecraft/textures/block/trip_wire_source.png
./assets/minecraft/textures/block/vine.png
./assets/minecraft/textures/block/waterlily.png
./assets/minecraft/textures/block/water_flow.png
./assets/minecraft/textures/block/water_flow.png.mcmeta
./assets/minecraft/textures/block/water_still.png
./assets/minecraft/textures/block/water_still.png.mcmeta
./assets/minecraft/textures/block/web.png
./assets/minecraft/textures/block/wheat_stage_0.png
./assets/minecraft/textures/block/wheat_stage_1.png
./assets/minecraft/textures/block/wheat_stage_2.png
./assets/minecraft/textures/block/wheat_stage_3.png
./assets/minecraft/textures/block/wheat_stage_4.png
./assets/minecraft/textures/block/wheat_stage_5.png
./assets/minecraft/textures/block/wheat_stage_6.png
./assets/minecraft/textures/block/wheat_stage_7.png
./assets/minecraft/textures/block/wool_colored_black.png
./assets/minecraft/textures/block/wool_colored_blue.png
./assets/minecraft/textures/block/wool_colored_brown.png
./assets/minecraft/textures/block/wool_colored_cyan.png
./assets/minecraft/textures/block/wool_colored_gray.png
./assets/minecraft/textures/block/wool_colored_green.png
./assets/minecraft/textures/block/wool_colored_light_blue.png
./assets/minecraft/textures/block/wool_colored_lime.png
./assets/minecraft/textures/block/wool_colored_magenta.png
./assets/minecraft/textures/block/wool_colored_orange.png
./assets/minecraft/textures/block/wool_colored_pink.png
./assets/minecraft/textures/block/wool_colored_purple.png
./assets/minecraft/textures/block/wool_colored_red.png
./assets/minecraft/textures/block/wool_colored_silver.png
./assets/minecraft/textures/block/wool_colored_white.png
./assets/minecraft/textures/block/wool_colored_yellow.png
